app/build/outputs/logs/manifest-merger-debug-report.txt
-- Merging decision tree log ---
manifest
ADDED from src\main\AndroidManifest.xml:2:1-94:12
	package
		ADDED from src\main\AndroidManifest.xml:3:7-26
		INJECTED from src\main\AndroidManifest.xml
		INJECTED from src\main\AndroidManifest.xml
	android:versionName
		ADDED from src\main\AndroidManifest.xml:5:7-32
		INJECTED from src\main\AndroidManifest.xml
		INJECTED from src\main\AndroidManifest.xml
	android:versionCode
		ADDED from src\main\AndroidManifest.xml:4:7-30
		INJECTED from src\main\AndroidManifest.xml
		INJECTED from src\main\AndroidManifest.xml
	xmlns:android
		ADDED from src\main\AndroidManifest.xml:2:11-69
application
ADDED from src\main\AndroidManifest.xml:6:5-91:19
	android:label
		ADDED from src\main\AndroidManifest.xml:6:48-77
	android:icon
		ADDED from src\main\AndroidManifest.xml:6:18-47
activity#doa.islam.Doa
ADDED from src\main\AndroidManifest.xml:7:9-12:20
	android:label
		ADDED from src\main\AndroidManifest.xml:7:39-68
	android:name
		ADDED from src\main\AndroidManifest.xml:7:19-38
intent-filter#android.intent.action.MAIN+android.intent.category.LAUNCHER
ADDED from src\main\AndroidManifest.xml:8:13-11:29
action#android.intent.action.MAIN
ADDED from src\main\AndroidManifest.xml:9:17-69
	android:name
		ADDED from src\main\AndroidManifest.xml:9:25-66
category#android.intent.category.LAUNCHER
ADDED from src\main\AndroidManifest.xml:10:17-77
	android:name
		ADDED from src\main\AndroidManifest.xml:10:27-74
activity#doa.islam.about
ADDED from src\main\AndroidManifest.xml:13:17-15:22
	android:label
		ADDED from src\main\AndroidManifest.xml:14:12-41
	android:name
		ADDED from src\main\AndroidManifest.xml:13:27-48
activity#doa.islam.help
ADDED from src\main\AndroidManifest.xml:16:12-18:22
	android:label
		ADDED from src\main\AndroidManifest.xml:17:12-40
	android:name
		ADDED from src\main\AndroidManifest.xml:16:22-42
activity#doa.islam.d1
ADDED from src\main\AndroidManifest.xml:19:10-21:22
	android:label
		ADDED from src\main\AndroidManifest.xml:20:12-38
	android:name
		ADDED from src\main\AndroidManifest.xml:19:20-38
activity#doa.islam.d2
ADDED from src\main\AndroidManifest.xml:22:11-24:22
	android:label
		ADDED from src\main\AndroidManifest.xml:23:12-38
	android:name
		ADDED from src\main\AndroidManifest.xml:22:21-39
activity#doa.islam.d3
ADDED from src\main\AndroidManifest.xml:25:11-27:22
	android:label
		ADDED from src\main\AndroidManifest.xml:26:12-38
	android:name
		ADDED from src\main\AndroidManifest.xml:25:21-39
activity#doa.islam.d4
ADDED from src\main\AndroidManifest.xml:28:11-30:22
	android:label
		ADDED from src\main\AndroidManifest.xml:29:12-38
	android:name
		ADDED from src\main\AndroidManifest.xml:28:21-39
activity#doa.islam.d5
ADDED from src\main\AndroidManifest.xml:31:11-33:22
	android:label
		ADDED from src\main\AndroidManifest.xml:32:12-38
	android:name
		ADDED from src\main\AndroidManifest.xml:31:21-39
activity#doa.islam.d6
ADDED from src\main\AndroidManifest.xml:34:11-36:22
	android:label
		ADDED from src\main\AndroidManifest.xml:35:12-38
	android:name
		ADDED from src\main\AndroidManifest.xml:34:21-39
activity#doa.islam.d7
ADDED from src\main\AndroidManifest.xml:37:11-39:22
	android:label
		ADDED from src\main\AndroidManifest.xml:38:12-38
	android:name
		ADDED from src\main\AndroidManifest.xml:37:21-39
activity#doa.islam.d8
ADDED from src\main\AndroidManifest.xml:40:11-42:22
	android:label
		ADDED from src\main\AndroidManifest.xml:41:12-38
	android:name
		ADDED from src\main\AndroidManifest.xml:40:21-39
activity#doa.islam.d9
ADDED from src\main\AndroidManifest.xml:43:11-45:22
	android:label
		ADDED from src\main\AndroidManifest.xml:44:12-38
	android:name
		ADDED from src\main\AndroidManifest.xml:43:21-39
activity#doa.islam.d10
ADDED from src\main\AndroidManifest.xml:46:11-48:22
	android:label
		ADDED from src\main\AndroidManifest.xml:47:12-39
	android:name
		ADDED from src\main\AndroidManifest.xml:46:21-40
activity#doa.islam.dd1
ADDED from src\main\AndroidManifest.xml:49:10-51:22
	android:label
		ADDED from src\main\AndroidManifest.xml:50:12-39
	android:name
		ADDED from src\main\AndroidManifest.xml:49:20-39
activity#doa.islam.dd2
ADDED from src\main\AndroidManifest.xml:52:10-54:22
	android:label
		ADDED from src\main\AndroidManifest.xml:53:12-39
	android:name
		ADDED from src\main\AndroidManifest.xml:52:20-39
activity#doa.islam.dd3
ADDED from src\main\AndroidManifest.xml:55:10-57:22
	android:label
		ADDED from src\main\AndroidManifest.xml:56:12-39
	android:name
		ADDED from src\main\AndroidManifest.xml:55:20-39
activity#doa.islam.dd4
ADDED from src\main\AndroidManifest.xml:58:10-60:22
	android:label
		ADDED from src\main\AndroidManifest.xml:59:12-39
	android:name
		ADDED from src\main\AndroidManifest.xml:58:20-39
activity#doa.islam.dd5
ADDED from src\main\AndroidManifest.xml:61:10-63:22
	android:label
		ADDED from src\main\AndroidManifest.xml:62:12-39
	android:name
		ADDED from src\main\AndroidManifest.xml:61:20-39
activity#doa.islam.dd6
ADDED from src\main\AndroidManifest.xml:64:10-66:22
	android:label
		ADDED from src\main\AndroidManifest.xml:65:12-39
	android:name
		ADDED from src\main\AndroidManifest.xml:64:20-39
activity#doa.islam.dd7
ADDED from src\main\AndroidManifest.xml:67:10-69:22
	android:label
		ADDED from src\main\AndroidManifest.xml:68:12-39
	android:name
		ADDED from src\main\AndroidManifest.xml:67:20-39
activity#doa.islam.dd8
ADDED from src\main\AndroidManifest.xml:70:10-72:22
	android:label
		ADDED from src\main\AndroidManifest.xml:71:12-39
	android:name
		ADDED from src\main\AndroidManifest.xml:70:20-39
activity#doa.islam.dd9
ADDED from src\main\AndroidManifest.xml:73:10-75:22
	android:label
		ADDED from src\main\AndroidManifest.xml:74:12-39
	android:name
		ADDED from src\main\AndroidManifest.xml:73:20-39
activity#doa.islam.dd10
ADDED from src\main\AndroidManifest.xml:76:10-78:22
	android:label
		ADDED from src\main\AndroidManifest.xml:77:12-40
	android:name
		ADDED from src\main\AndroidManifest.xml:76:20-40
activity#doa.islam.menuquran
ADDED from src\main\AndroidManifest.xml:79:11-81:22
	android:label
		ADDED from src\main\AndroidManifest.xml:80:12-45
	android:name
		ADDED from src\main\AndroidManifest.xml:79:21-46
activity#doa.islam.menuhadis
ADDED from src\main\AndroidManifest.xml:82:11-84:22
	android:label
		ADDED from src\main\AndroidManifest.xml:83:12-45
	android:name
		ADDED from src\main\AndroidManifest.xml:82:21-46
activity#doa.islam.menu
ADDED from src\main\AndroidManifest.xml:85:11-87:22
	android:label
		ADDED from src\main\AndroidManifest.xml:86:12-40
	android:name
		ADDED from src\main\AndroidManifest.xml:85:21-41
activity#doa.islam.zoom
ADDED from src\main\AndroidManifest.xml:88:11-90:22
	android:label
		ADDED from src\main\AndroidManifest.xml:89:12-40
	android:name
		ADDED from src\main\AndroidManifest.xml:88:21-41
uses-sdk
ADDED from src\main\AndroidManifest.xml:92:5-43
	android:targetSdkVersion
		INJECTED from src\main\AndroidManifest.xml
		INJECTED from src\main\AndroidManifest.xml
	android:minSdkVersion
		ADDED from src\main\AndroidManifest.xml:92:15-40
		INJECTED from src\main\AndroidManifest.xml
		INJECTED from src\main\AndroidManifest.xml